<?xml version="1.0" encoding="UTF-8"?>
<!-- Generated by org.testng.reporters.JUnitReportReporter -->
<testsuite hostname="MSI" failures="0" tests="11" name="test.Tests" time="52.896" errors="0" timestamp="2023-01-14T23:08:18 GMT+03:00" skipped="0">
  <testcase classname="test.Tests" name="decrementProductAmountInCart" time="3.936"/>
  <system-out/>
  <testcase classname="test.Tests" name="inputInvalidDataToProductAmountInCart" time="4.390"/>
  <system-out/>
  <testcase classname="test.Tests" name="incrementProductAmountInCart" time="3.940"/>
  <system-out/>
  <testcase classname="test.Tests" name="addProductToFavorites" time="3.319"/>
  <system-out/>
  <testcase classname="test.Tests" name="addSameProductToCartTwice" time="4.795"/>
  <system-out/>
  <testcase classname="test.Tests" name="checkoutWithoutEmail" time="5.282"/>
  <system-out/>
  <testcase classname="test.Tests" name="checkoutWithoutPhone" time="4.996"/>
  <system-out/>
  <testcase classname="test.Tests" name="deleteProductFromCart" time="4.044"/>
  <system-out/>
  <testcase classname="test.Tests" name="removeProductFromFavorites" time="3.906"/>
  <system-out/>
  <testcase classname="test.Tests" name="checkoutWithoutName" time="5.272"/>
  <system-out/>
  <testcase classname="test.Tests" name="addProductToCart" time="9.016"/>
  <system-out/>
</testsuite> <!-- test.Tests -->
