<?xml version="1.0" encoding="UTF-8"?>
<!-- Generated by org.testng.reporters.JUnitReportReporter -->
<testsuite hostname="MSI" failures="0" tests="10" name="Tests" time="26.482" errors="0" timestamp="2023-01-10T16:46:11 GMT+03:00" skipped="0">
  <testcase classname="Tests" name="createOrderWithEmptyCart" time="1.470"/>
  <system-out/>
  <testcase classname="Tests" name="increaseCountOfProduct" time="2.057"/>
  <system-out/>
  <testcase classname="Tests" name="addProductToCart" time="3.234"/>
  <system-out/>
  <testcase classname="Tests" name="reduceCountOfProduct" time="1.859"/>
  <system-out/>
  <testcase classname="Tests" name="createOrderWithout3DSecureConfirm" time="2.458"/>
  <system-out/>
  <testcase classname="Tests" name="createOrderWithoutDeliveryOptions" time="2.463"/>
  <system-out/>
  <testcase classname="Tests" name="deleteItemFromCart" time="2.126"/>
  <system-out/>
  <testcase classname="Tests" name="createOrderWithoutClientDetails" time="3.008"/>
  <system-out/>
  <testcase classname="Tests" name="checkCartAfterPageReload" time="2.323"/>
  <system-out/>
  <testcase classname="Tests" name="addSameProductToCartTwice" time="5.484"/>
  <system-out/>
</testsuite> <!-- Tests -->
